<?xml version="1.0" encoding="UTF-8"?>
<!-- Generated by org.testng.reporters.JUnitXMLReporter -->
<testsuite hostname="DESKTOP-H53PLJP" ignored="0" name="Open Cart Register Page Test_chrome_100" tests="1" failures="0" timestamp="09 Mar 2024 05:45:58 GMT" time="0.032" errors="0">
  <testcase name="@BeforeTest setup" time="0.008" classname="com.qa.opencart.base.BaseTest">
    <failure type="java.lang.NoClassDefFoundError" message="com/qa/opencart/factory/DriverFactory">
      <![CDATA[java.lang.NoClassDefFoundError: com/qa/opencart/factory/DriverFactory
at com.qa.opencart.base.BaseTest.setup(BaseTest.java:31)
at sun.reflect.NativeMethodAccessorImpl.invoke0(Native Method)
at sun.reflect.NativeMethodAccessorImpl.invoke(NativeMethodAccessorImpl.java:62)
at sun.reflect.DelegatingMethodAccessorImpl.invoke(DelegatingMethodAccessorImpl.java:43)
at java.lang.reflect.Method.invoke(Method.java:498)
at org.testng.internal.MethodInvocationHelper.invokeMethod(MethodInvocationHelper.java:124)
at org.testng.internal.MethodInvocationHelper.invokeMethodConsideringTimeout(MethodInvocationHelper.java:59)
at org.testng.internal.Invoker.invokeConfigurationMethod(Invoker.java:458)
at org.testng.internal.Invoker.invokeConfigurations(Invoker.java:222)
at org.testng.internal.Invoker.invokeConfigurations(Invoker.java:142)
at org.testng.TestRunner.beforeRun(TestRunner.java:529)
at org.testng.TestRunner.run(TestRunner.java:497)
at org.testng.SuiteRunner.runTest(SuiteRunner.java:455)
at org.testng.SuiteRunner.access$000(SuiteRunner.java:40)
at org.testng.SuiteRunner$SuiteWorker.run(SuiteRunner.java:489)
at org.testng.internal.thread.ThreadUtil$1.call(ThreadUtil.java:52)
at java.util.concurrent.FutureTask.run(FutureTask.java:266)
at java.util.concurrent.ThreadPoolExecutor.runWorker(ThreadPoolExecutor.java:1149)
at java.util.concurrent.ThreadPoolExecutor$Worker.run(ThreadPoolExecutor.java:624)
at java.lang.Thread.run(Thread.java:748)
]]>
    </failure>
  </testcase> <!-- @BeforeTest setup -->
  <testcase name="@BeforeClass registerSetup" time="0.0" classname="com.qa.opencart.testcases.RegisterTest">
    <skipped/>
  </testcase> <!-- @BeforeClass registerSetup -->
  <testcase name="@AfterTest tearDown" time="0.0" classname="com.qa.opencart.base.BaseTest">
    <skipped/>
  </testcase> <!-- @AfterTest tearDown -->
  <testcase name="registerUserTest" time="0.0" classname="com.qa.opencart.testcases.RegisterTest">
    <skipped/>
  </testcase> <!-- registerUserTest -->
</testsuite> <!-- Open Cart Register Page Test_chrome_100 -->
